<?xml version="1.0" encoding="UTF-8"?>
<!-- Generated by org.testng.reporters.JUnitXMLReporter -->
<testsuite hostname="DESKTOP-6D3FG3E" ignored="0" name="Test" tests="5" failures="0" timestamp="2021-04-10T19:18:58 CEST" time="15.874" errors="0">
  <testcase name="launchURL" time="6.278" classname="com.auto.qa.testcases.AutoHero_MainPageTest"/>
  <testcase name="filterForFirstRegistration" time="0.701" classname="com.auto.qa.testcases.AutoHero_MainPageTest"/>
  <testcase name="sortCarsByPriceDesc" time="0.787" classname="com.auto.qa.testcases.AutoHero_MainPageTest"/>
  <testcase name="verifyCarsFilteredByFirstReg" time="0.676" classname="com.auto.qa.testcases.AutoHero_MainPageTest"/>
  <testcase name="verifyCarsSortedByPriceDesc" time="0.161" classname="com.auto.qa.testcases.AutoHero_MainPageTest"/>
</testsuite> <!-- Test -->
