<?xml version="1.0" encoding="UTF-8"?>
<!-- Generated by org.testng.reporters.JUnitXMLReporter -->
<testsuite hostname="DESKTOP-6D3FG3E" ignored="0" name="Test" tests="5" failures="0" timestamp="2021-04-10T17:00:06 CEST" time="11.65" errors="0">
  <testcase name="launchURL" time="7.168" classname="com.auto.qa.testcases.AutoHero_MainPageTest"/>
  <testcase name="filterForFirstRegistration" time="0.758" classname="com.auto.qa.testcases.AutoHero_MainPageTest"/>
  <testcase name="sortCarsByPriceDesc" time="0.569" classname="com.auto.qa.testcases.AutoHero_MainPageTest"/>
  <testcase name="verifyCarsFilteredByFirstReg" time="0.847" classname="com.auto.qa.testcases.AutoHero_MainPageTest"/>
  <testcase name="verifyCarsSortedByPriceDesc" time="0.182" classname="com.auto.qa.testcases.AutoHero_MainPageTest"/>
</testsuite> <!-- Test -->
