<?xml version="1.0" encoding="UTF-8"?>
<testng-results skipped="0" failed="0" ignored="0" total="5" passed="5">
  <reporter-output>
  </reporter-output>
  <suite name="Suite" duration-ms="11650" started-at="2021-04-10T16:59:54 CEST" finished-at="2021-04-10T17:00:05 CEST">
    <groups>
    </groups>
    <test name="Test" duration-ms="11650" started-at="2021-04-10T16:59:54 CEST" finished-at="2021-04-10T17:00:05 CEST">
      <class name="com.auto.qa.testcases.AutoHero_MainPageTest">
        <test-method status="PASS" signature="ExtentReporting()[pri:0, instance:com.auto.qa.testcases.AutoHero_MainPageTest@4232c52b]" name="ExtentReporting" is-config="true" duration-ms="224" started-at="2021-04-10T16:59:54 CEST" finished-at="2021-04-10T16:59:54 CEST">
          <reporter-output>
          </reporter-output>
        </test-method> <!-- ExtentReporting -->
        <test-method status="PASS" signature="launchURL()[pri:0, instance:com.auto.qa.testcases.AutoHero_MainPageTest@4232c52b]" name="launchURL" duration-ms="7168" started-at="2021-04-10T16:59:54 CEST" finished-at="2021-04-10T17:00:01 CEST">
          <reporter-output>
          </reporter-output>
        </test-method> <!-- launchURL -->
        <test-method status="PASS" signature="filterForFirstRegistration(java.lang.String)[pri:1, instance:com.auto.qa.testcases.AutoHero_MainPageTest@4232c52b]" name="filterForFirstRegistration" duration-ms="758" started-at="2021-04-10T17:00:02 CEST" data-provider="passSheet" finished-at="2021-04-10T17:00:03 CEST">
          <params>
            <param index="0">
              <value>
                <![CDATA[2015]]>
              </value>
            </param>
          </params>
          <reporter-output>
          </reporter-output>
        </test-method> <!-- filterForFirstRegistration -->
        <test-method status="PASS" signature="sortCarsByPriceDesc(java.lang.String)[pri:2, instance:com.auto.qa.testcases.AutoHero_MainPageTest@4232c52b]" name="sortCarsByPriceDesc" duration-ms="569" started-at="2021-04-10T17:00:03 CEST" finished-at="2021-04-10T17:00:04 CEST">
          <params>
            <param index="0">
              <value>
                <![CDATA[Höchster Preis]]>
              </value>
            </param>
          </params>
          <reporter-output>
          </reporter-output>
        </test-method> <!-- sortCarsByPriceDesc -->
        <test-method status="PASS" signature="verifyCarsFilteredByFirstReg()[pri:3, instance:com.auto.qa.testcases.AutoHero_MainPageTest@4232c52b]" name="verifyCarsFilteredByFirstReg" duration-ms="847" started-at="2021-04-10T17:00:04 CEST" finished-at="2021-04-10T17:00:05 CEST">
          <reporter-output>
          </reporter-output>
        </test-method> <!-- verifyCarsFilteredByFirstReg -->
        <test-method status="PASS" signature="verifyCarsSortedByPriceDesc()[pri:4, instance:com.auto.qa.testcases.AutoHero_MainPageTest@4232c52b]" name="verifyCarsSortedByPriceDesc" duration-ms="182" started-at="2021-04-10T17:00:05 CEST" finished-at="2021-04-10T17:00:05 CEST">
          <reporter-output>
          </reporter-output>
        </test-method> <!-- verifyCarsSortedByPriceDesc -->
        <test-method status="PASS" signature="closeBrowser()[pri:0, instance:com.auto.qa.testcases.AutoHero_MainPageTest@4232c52b]" name="closeBrowser" is-config="true" duration-ms="621" started-at="2021-04-10T17:00:05 CEST" finished-at="2021-04-10T17:00:05 CEST">
          <reporter-output>
          </reporter-output>
        </test-method> <!-- closeBrowser -->
      </class> <!-- com.auto.qa.testcases.AutoHero_MainPageTest -->
    </test> <!-- Test -->
  </suite> <!-- Suite -->
</testng-results>
